<?xml version="1.0" encoding="UTF-8"?>
<!-- Generated by org.testng.reporters.JUnitReportReporter -->
<testsuite hostname="DESKTOP-GGU07A7" failures="0" tests="5" name="TestNG.Dropdown2" time="70.847" errors="0" timestamp="2023-12-03T10:52:51 IST" skipped="0">
  <testcase classname="TestNG.Dropdown2" name="Test3" time="11.695"/>
  <testcase classname="TestNG.Dropdown2" name="Test4" time="15.138"/>
  <testcase classname="TestNG.Dropdown2" name="Test1" time="5.954"/>
  <testcase classname="TestNG.Dropdown2" name="Test" time="23.224"/>
  <testcase classname="TestNG.Dropdown2" name="Test2" time="14.836"/>
</testsuite> <!-- TestNG.Dropdown2 -->
