<?xml version="1.0" encoding="UTF-8"?>
<!-- Generated by org.testng.reporters.JUnitReportReporter -->
<testsuite hostname="DESKTOP-GGU07A7" failures="0" tests="2" name="BasicTestScript.DemoClass1" time="0.007" errors="0" timestamp="2023-12-05T21:31:40 IST" skipped="0">
  <testcase classname="BasicTestScript.DemoClass1" name="testcase1" time="0.004"/>
  <testcase classname="BasicTestScript.DemoClass1" name="testcase2" time="0.003"/>
</testsuite> <!-- BasicTestScript.DemoClass1 -->
