<?xml version="1.0" encoding="UTF-8"?>
<!-- Generated by org.testng.reporters.JUnitReportReporter -->
<testsuite hostname="DESKTOP-GGU07A7" failures="0" tests="6" name="TestNG.InvocationCount" time="0.031" errors="0" timestamp="2023-12-02T16:52:44 IST" skipped="1">
  <testcase classname="TestNG.InvocationCount" name="a" time="0.017"/>
  <testcase classname="TestNG.InvocationCount" name="b" time="0.005"/>
  <testcase classname="TestNG.InvocationCount" name="b" time="0.003"/>
  <testcase classname="TestNG.InvocationCount" name="b" time="0.003"/>
  <testcase classname="TestNG.InvocationCount" name="e" time="0.003"/>
  <testcase classname="TestNG.InvocationCount" name="c">
    <skipped/>
  </testcase> <!-- c -->
</testsuite> <!-- TestNG.InvocationCount -->
