<?xml version="1.0" encoding="UTF-8"?>
<!-- Generated by org.testng.reporters.JUnitReportReporter -->
<testsuite hostname="DESKTOP-GGU07A7" failures="0" tests="5" name="TestNG.Group" time="0.010" errors="0" timestamp="2023-12-07T00:47:26 IST" skipped="0">
  <testcase classname="TestNG.Group" name="eatFood" time="0.002"/>
  <testcase classname="TestNG.Group" name="goVacation" time="0.001"/>
  <testcase classname="TestNG.Group" name="buyCar" time="0.006"/>
  <testcase classname="TestNG.Group" name="wearCloths" time="0.000"/>
  <testcase classname="TestNG.Group" name="education" time="0.001"/>
</testsuite> <!-- TestNG.Group -->
