<?xml version="1.0" encoding="UTF-8"?>
<!-- Generated by org.testng.reporters.JUnitReportReporter -->
<testsuite hostname="DESKTOP-GGU07A7" failures="0" tests="1" name="TestNG.DataProviderTest" time="0.007" errors="0" timestamp="2023-12-05T00:31:53 IST" skipped="0">
  <testcase classname="TestNG.DataProviderTest" name="food" time="0.007"/>
</testsuite> <!-- TestNG.DataProviderTest -->
