<?xml version="1.0" encoding="UTF-8"?>
<!-- Generated by org.testng.reporters.JUnitReportReporter -->
<testsuite hostname="DESKTOP-GGU07A7" failures="0" tests="2" name="BasicTestScript.DemoClass2" time="0.010" errors="0" timestamp="2023-12-05T21:31:40 IST" skipped="0">
  <testcase classname="BasicTestScript.DemoClass2" name="testcase3" time="0.008"/>
  <testcase classname="BasicTestScript.DemoClass2" name="testcase4" time="0.002"/>
</testsuite> <!-- BasicTestScript.DemoClass2 -->
