<?xml version="1.0" encoding="UTF-8"?>
<!-- Generated by org.testng.reporters.JUnitReportReporter -->
<testsuite hostname="DESKTOP-GGU07A7" failures="0" tests="1" name="TestNG.BaseClass" time="0.020" errors="0" timestamp="2023-12-05T10:34:49 IST" skipped="0">
  <testcase classname="TestNG.BaseClass" name="testcase" time="0.020"/>
</testsuite> <!-- TestNG.BaseClass -->
