<?xml version="1.0" encoding="UTF-8"?>
<!-- Generated by org.testng.reporters.JUnitReportReporter -->
<testsuite hostname="DESKTOP-GGU07A7" failures="0" tests="1" name="TestNG.GoogleTest" time="6.390" errors="0" timestamp="2023-12-07T00:48:31 IST" skipped="0">
  <testcase classname="TestNG.GoogleTest" name="GoogleTest" time="6.390"/>
</testsuite> <!-- TestNG.GoogleTest -->
