<?xml version="1.0" encoding="UTF-8"?>
<!-- Generated by org.testng.reporters.JUnitReportReporter -->
<testsuite hostname="DESKTOP-GGU07A7" failures="0" tests="4" name="TestNG.Priority" time="0.013" errors="0" timestamp="2023-12-02T16:52:44 IST" skipped="0">
  <testcase classname="TestNG.Priority" name="b" time="0.002"/>
  <testcase classname="TestNG.Priority" name="e" time="0.003"/>
  <testcase classname="TestNG.Priority" name="a" time="0.005"/>
  <testcase classname="TestNG.Priority" name="c" time="0.003"/>
</testsuite> <!-- TestNG.Priority -->
